This file contains any messages produced by compilers while
running configure, to aid debugging if configure makes a mistake.

It was created by maths configure 1.1, which was
generated by GNU Autoconf 2.69.  Invocation command line was

  $ ./configure 

## --------- ##
## Platform. ##
## --------- ##

hostname = remoteme
uname -m = x86_64
uname -r = 3.13.0-43-generic
uname -s = Linux
uname -v = #72-Ubuntu SMP Mon Dec 8 19:35:06 UTC 2014

/usr/bin/uname -p = unknown
/bin/uname -X     = unknown

/bin/arch              = unknown
/usr/bin/arch -k       = unknown
/usr/convex/getsysinfo = unknown
/usr/bin/hostinfo      = unknown
/bin/machine           = unknown
/usr/bin/oslevel       = unknown
/bin/universe          = unknown

PATH: /home/cew/.rvm/gems/ruby-2.2.1/bin
PATH: /home/cew/.rvm/gems/ruby-2.2.1@global/bin
PATH: /home/cew/.rvm/rubies/ruby-2.2.1/bin
PATH: /usr/local/sbin
PATH: /usr/local/bin
PATH: /usr/sbin
PATH: /usr/bin
PATH: /sbin
PATH: /bin
PATH: /usr/games
PATH: /usr/local/games
PATH: /home/cew/.rvm/bin
PATH: /home/cew/.rvm/bin


## ----------- ##
## Core tests. ##
## ----------- ##

configure:2125: checking for a BSD-compatible install
configure:2193: result: /usr/bin/install -c
configure:2204: checking whether build environment is sane
configure:2259: result: yes
configure:2410: checking for a thread-safe mkdir -p
configure:2449: result: /bin/mkdir -p
configure:2456: checking for gawk
configure:2472: found /usr/bin/gawk
configure:2483: result: gawk
configure:2494: checking whether make sets $(MAKE)
configure:2516: result: yes
configure:2545: checking whether make supports nested variables
configure:2562: result: yes
configure:2746: checking for g++
configure:2762: found /usr/bin/g++
configure:2773: result: g++
configure:2800: checking for C++ compiler version
configure:2809: g++ --version >&5
g++ (Ubuntu 4.8.4-2ubuntu1~14.04) 4.8.4
Copyright (C) 2013 Free Software Foundation, Inc.
This is free software; see the source for copying conditions.  There is NO
warranty; not even for MERCHANTABILITY or FITNESS FOR A PARTICULAR PURPOSE.

configure:2820: $? = 0
configure:2809: g++ -v >&5
Using built-in specs.
COLLECT_GCC=g++
COLLECT_LTO_WRAPPER=/usr/lib/gcc/x86_64-linux-gnu/4.8/lto-wrapper
Target: x86_64-linux-gnu
Configured with: ../src/configure -v --with-pkgversion='Ubuntu 4.8.4-2ubuntu1~14.04' --with-bugurl=file:///usr/share/doc/gcc-4.8/README.Bugs --enable-languages=c,c++,java,go,d,fortran,objc,obj-c++ --prefix=/usr --program-suffix=-4.8 --enable-shared --enable-linker-build-id --libexecdir=/usr/lib --without-included-gettext --enable-threads=posix --with-gxx-include-dir=/usr/include/c++/4.8 --libdir=/usr/lib --enable-nls --with-sysroot=/ --enable-clocale=gnu --enable-libstdcxx-debug --enable-libstdcxx-time=yes --enable-gnu-unique-object --disable-libmudflap --enable-plugin --with-system-zlib --disable-browser-plugin --enable-java-awt=gtk --enable-gtk-cairo --with-java-home=/usr/lib/jvm/java-1.5.0-gcj-4.8-amd64/jre --enable-java-home --with-jvm-root-dir=/usr/lib/jvm/java-1.5.0-gcj-4.8-amd64 --with-jvm-jar-dir=/usr/lib/jvm-exports/java-1.5.0-gcj-4.8-amd64 --with-arch-directory=amd64 --with-ecj-jar=/usr/share/java/eclipse-ecj.jar --enable-objc-gc --enable-multiarch --disable-werror --with-arch-32=i686 --with-abi=m64 --with-multilib-list=m32,m64,mx32 --with-tune=generic --enable-checking=release --build=x86_64-linux-gnu --host=x86_64-linux-gnu --target=x86_64-linux-gnu
Thread model: posix
gcc version 4.8.4 (Ubuntu 4.8.4-2ubuntu1~14.04) 
configure:2820: $? = 0
configure:2809: g++ -V >&5
g++: error: unrecognized command line option '-V'
g++: fatal error: no input files
compilation terminated.
configure:2820: $? = 4
configure:2809: g++ -qversion >&5
g++: error: unrecognized command line option '-qversion'
g++: fatal error: no input files
compilation terminated.
configure:2820: $? = 4
configure:2840: checking whether the C++ compiler works
configure:2862: g++    conftest.cpp  >&5
configure:2866: $? = 0
configure:2914: result: yes
configure:2917: checking for C++ compiler default output file name
configure:2919: result: a.out
configure:2925: checking for suffix of executables
configure:2932: g++ -o conftest    conftest.cpp  >&5
configure:2936: $? = 0
configure:2958: result: 
configure:2980: checking whether we are cross compiling
configure:2988: g++ -o conftest    conftest.cpp  >&5
configure:2992: $? = 0
configure:2999: ./conftest
configure:3003: $? = 0
configure:3018: result: no
configure:3023: checking for suffix of object files
configure:3045: g++ -c   conftest.cpp >&5
configure:3049: $? = 0
configure:3070: result: o
configure:3074: checking whether we are using the GNU C++ compiler
configure:3093: g++ -c   conftest.cpp >&5
configure:3093: $? = 0
configure:3102: result: yes
configure:3111: checking whether g++ accepts -g
configure:3131: g++ -c -g  conftest.cpp >&5
configure:3131: $? = 0
configure:3172: result: yes
configure:3206: checking for style of include used by make
configure:3234: result: GNU
configure:3260: checking dependency style of g++
configure:3371: result: gcc3
configure:3438: checking for gcc
configure:3454: found /usr/bin/gcc
configure:3465: result: gcc
configure:3694: checking for C compiler version
configure:3703: gcc --version >&5
gcc (Ubuntu 4.8.4-2ubuntu1~14.04) 4.8.4
Copyright (C) 2013 Free Software Foundation, Inc.
This is free software; see the source for copying conditions.  There is NO
warranty; not even for MERCHANTABILITY or FITNESS FOR A PARTICULAR PURPOSE.

configure:3714: $? = 0
configure:3703: gcc -v >&5
Using built-in specs.
COLLECT_GCC=gcc
COLLECT_LTO_WRAPPER=/usr/lib/gcc/x86_64-linux-gnu/4.8/lto-wrapper
Target: x86_64-linux-gnu
Configured with: ../src/configure -v --with-pkgversion='Ubuntu 4.8.4-2ubuntu1~14.04' --with-bugurl=file:///usr/share/doc/gcc-4.8/README.Bugs --enable-languages=c,c++,java,go,d,fortran,objc,obj-c++ --prefix=/usr --program-suffix=-4.8 --enable-shared --enable-linker-build-id --libexecdir=/usr/lib --without-included-gettext --enable-threads=posix --with-gxx-include-dir=/usr/include/c++/4.8 --libdir=/usr/lib --enable-nls --with-sysroot=/ --enable-clocale=gnu --enable-libstdcxx-debug --enable-libstdcxx-time=yes --enable-gnu-unique-object --disable-libmudflap --enable-plugin --with-system-zlib --disable-browser-plugin --enable-java-awt=gtk --enable-gtk-cairo --with-java-home=/usr/lib/jvm/java-1.5.0-gcj-4.8-amd64/jre --enable-java-home --with-jvm-root-dir=/usr/lib/jvm/java-1.5.0-gcj-4.8-amd64 --with-jvm-jar-dir=/usr/lib/jvm-exports/java-1.5.0-gcj-4.8-amd64 --with-arch-directory=amd64 --with-ecj-jar=/usr/share/java/eclipse-ecj.jar --enable-objc-gc --enable-multiarch --disable-werror --with-arch-32=i686 --with-abi=m64 --with-multilib-list=m32,m64,mx32 --with-tune=generic --enable-checking=release --build=x86_64-linux-gnu --host=x86_64-linux-gnu --target=x86_64-linux-gnu
Thread model: posix
gcc version 4.8.4 (Ubuntu 4.8.4-2ubuntu1~14.04) 
configure:3714: $? = 0
configure:3703: gcc -V >&5
gcc: error: unrecognized command line option '-V'
gcc: fatal error: no input files
compilation terminated.
configure:3714: $? = 4
configure:3703: gcc -qversion >&5
gcc: error: unrecognized command line option '-qversion'
gcc: fatal error: no input files
compilation terminated.
configure:3714: $? = 4
configure:3718: checking whether we are using the GNU C compiler
configure:3737: gcc -c   conftest.c >&5
configure:3737: $? = 0
configure:3746: result: yes
configure:3755: checking whether gcc accepts -g
configure:3775: gcc -c -g  conftest.c >&5
configure:3775: $? = 0
configure:3816: result: yes
configure:3833: checking for gcc option to accept ISO C89
configure:3896: gcc  -c -g -O2  conftest.c >&5
configure:3896: $? = 0
configure:3909: result: none needed
configure:3934: checking whether gcc understands -c and -o together
configure:3956: gcc -c conftest.c -o conftest2.o
configure:3959: $? = 0
configure:3956: gcc -c conftest.c -o conftest2.o
configure:3959: $? = 0
configure:3971: result: yes
configure:3990: checking dependency style of gcc
configure:4101: result: gcc3
configure:4122: checking how to run the C preprocessor
configure:4153: gcc -E  conftest.c
configure:4153: $? = 0
configure:4167: gcc -E  conftest.c
conftest.c:11:28: fatal error: ac_nonexistent.h: No such file or directory
 #include <ac_nonexistent.h>
                            ^
compilation terminated.
configure:4167: $? = 1
configure: failed program was:
| /* confdefs.h */
| #define PACKAGE_NAME "maths"
| #define PACKAGE_TARNAME "maths"
| #define PACKAGE_VERSION "1.1"
| #define PACKAGE_STRING "maths 1.1"
| #define PACKAGE_BUGREPORT ""
| #define PACKAGE_URL ""
| #define PACKAGE "maths"
| #define VERSION "1.1"
| /* end confdefs.h.  */
| #include <ac_nonexistent.h>
configure:4192: result: gcc -E
configure:4212: gcc -E  conftest.c
configure:4212: $? = 0
configure:4226: gcc -E  conftest.c
conftest.c:11:28: fatal error: ac_nonexistent.h: No such file or directory
 #include <ac_nonexistent.h>
                            ^
compilation terminated.
configure:4226: $? = 1
configure: failed program was:
| /* confdefs.h */
| #define PACKAGE_NAME "maths"
| #define PACKAGE_TARNAME "maths"
| #define PACKAGE_VERSION "1.1"
| #define PACKAGE_STRING "maths 1.1"
| #define PACKAGE_BUGREPORT ""
| #define PACKAGE_URL ""
| #define PACKAGE "maths"
| #define VERSION "1.1"
| /* end confdefs.h.  */
| #include <ac_nonexistent.h>
configure:4255: checking for grep that handles long lines and -e
configure:4313: result: /bin/grep
configure:4318: checking for egrep
configure:4380: result: /bin/grep -E
configure:4385: checking for ANSI C header files
configure:4405: gcc -c -g -O2  conftest.c >&5
configure:4405: $? = 0
configure:4478: gcc -o conftest -g -O2   conftest.c  >&5
configure:4478: $? = 0
configure:4478: ./conftest
configure:4478: $? = 0
configure:4489: result: yes
configure:4502: checking for sys/types.h
configure:4502: gcc -c -g -O2  conftest.c >&5
configure:4502: $? = 0
configure:4502: result: yes
configure:4502: checking for sys/stat.h
configure:4502: gcc -c -g -O2  conftest.c >&5
configure:4502: $? = 0
configure:4502: result: yes
configure:4502: checking for stdlib.h
configure:4502: gcc -c -g -O2  conftest.c >&5
configure:4502: $? = 0
configure:4502: result: yes
configure:4502: checking for string.h
configure:4502: gcc -c -g -O2  conftest.c >&5
configure:4502: $? = 0
configure:4502: result: yes
configure:4502: checking for memory.h
configure:4502: gcc -c -g -O2  conftest.c >&5
configure:4502: $? = 0
configure:4502: result: yes
configure:4502: checking for strings.h
configure:4502: gcc -c -g -O2  conftest.c >&5
configure:4502: $? = 0
configure:4502: result: yes
configure:4502: checking for inttypes.h
configure:4502: gcc -c -g -O2  conftest.c >&5
configure:4502: $? = 0
configure:4502: result: yes
configure:4502: checking for stdint.h
configure:4502: gcc -c -g -O2  conftest.c >&5
configure:4502: $? = 0
configure:4502: result: yes
configure:4502: checking for unistd.h
configure:4502: gcc -c -g -O2  conftest.c >&5
configure:4502: $? = 0
configure:4502: result: yes
configure:4516: checking for stdlib.h
configure:4516: result: yes
configure:4528: checking whether to enable maintainer-specific portions of Makefiles
configure:4537: result: no
configure:4701: checking that generated files are newer than configure
configure:4707: result: done
configure:4738: creating ./config.status

## ---------------------- ##
## Running config.status. ##
## ---------------------- ##

This file was extended by maths config.status 1.1, which was
generated by GNU Autoconf 2.69.  Invocation command line was

  CONFIG_FILES    = 
  CONFIG_HEADERS  = 
  CONFIG_LINKS    = 
  CONFIG_COMMANDS = 
  $ ./config.status 

on remoteme

config.status:785: creating Makefile
config.status:957: executing depfiles commands

## ---------------- ##
## Cache variables. ##
## ---------------- ##

ac_cv_c_compiler_gnu=yes
ac_cv_cxx_compiler_gnu=yes
ac_cv_env_CCC_set=
ac_cv_env_CCC_value=
ac_cv_env_CC_set=
ac_cv_env_CC_value=
ac_cv_env_CFLAGS_set=
ac_cv_env_CFLAGS_value=
ac_cv_env_CPPFLAGS_set=
ac_cv_env_CPPFLAGS_value=
ac_cv_env_CPP_set=
ac_cv_env_CPP_value=
ac_cv_env_CXXFLAGS_set=
ac_cv_env_CXXFLAGS_value=
ac_cv_env_CXX_set=
ac_cv_env_CXX_value=
ac_cv_env_LDFLAGS_set=
ac_cv_env_LDFLAGS_value=
ac_cv_env_LIBS_set=
ac_cv_env_LIBS_value=
ac_cv_env_build_alias_set=
ac_cv_env_build_alias_value=
ac_cv_env_host_alias_set=
ac_cv_env_host_alias_value=
ac_cv_env_target_alias_set=
ac_cv_env_target_alias_value=
ac_cv_header_inttypes_h=yes
ac_cv_header_memory_h=yes
ac_cv_header_stdc=yes
ac_cv_header_stdint_h=yes
ac_cv_header_stdlib_h=yes
ac_cv_header_string_h=yes
ac_cv_header_strings_h=yes
ac_cv_header_sys_stat_h=yes
ac_cv_header_sys_types_h=yes
ac_cv_header_unistd_h=yes
ac_cv_objext=o
ac_cv_path_EGREP='/bin/grep -E'
ac_cv_path_GREP=/bin/grep
ac_cv_path_install='/usr/bin/install -c'
ac_cv_path_mkdir=/bin/mkdir
ac_cv_prog_AWK=gawk
ac_cv_prog_CPP='gcc -E'
ac_cv_prog_ac_ct_CC=gcc
ac_cv_prog_ac_ct_CXX=g++
ac_cv_prog_cc_c89=
ac_cv_prog_cc_g=yes
ac_cv_prog_cxx_g=yes
ac_cv_prog_make_make_set=yes
am_cv_CC_dependencies_compiler_type=gcc3
am_cv_CXX_dependencies_compiler_type=gcc3
am_cv_make_support_nested_variables=yes
am_cv_prog_cc_c_o=yes

## ----------------- ##
## Output variables. ##
## ----------------- ##

ACLOCAL='${SHELL} /home/cew/maths/missing aclocal-1.14'
AMDEPBACKSLASH='\'
AMDEP_FALSE='#'
AMDEP_TRUE=''
AMTAR='$${TAR-tar}'
AM_BACKSLASH='\'
AM_DEFAULT_V='$(AM_DEFAULT_VERBOSITY)'
AM_DEFAULT_VERBOSITY='1'
AM_V='$(V)'
AUTOCONF='${SHELL} /home/cew/maths/missing autoconf'
AUTOHEADER='${SHELL} /home/cew/maths/missing autoheader'
AUTOMAKE='${SHELL} /home/cew/maths/missing automake-1.14'
AWK='gawk'
CC='gcc'
CCDEPMODE='depmode=gcc3'
CFLAGS='-g -O2'
CPP='gcc -E'
CPPFLAGS=''
CXX='g++'
CXXDEPMODE='depmode=gcc3'
CXXFLAGS='-g -O2'
CYGPATH_W='echo'
DEFS='-DPACKAGE_NAME=\"maths\" -DPACKAGE_TARNAME=\"maths\" -DPACKAGE_VERSION=\"1.1\" -DPACKAGE_STRING=\"maths\ 1.1\" -DPACKAGE_BUGREPORT=\"\" -DPACKAGE_URL=\"\" -DPACKAGE=\"maths\" -DVERSION=\"1.1\" -DSTDC_HEADERS=1 -DHAVE_SYS_TYPES_H=1 -DHAVE_SYS_STAT_H=1 -DHAVE_STDLIB_H=1 -DHAVE_STRING_H=1 -DHAVE_MEMORY_H=1 -DHAVE_STRINGS_H=1 -DHAVE_INTTYPES_H=1 -DHAVE_STDINT_H=1 -DHAVE_UNISTD_H=1 -DHAVE_STDLIB_H=1'
DEPDIR='.deps'
ECHO_C=''
ECHO_N='-n'
ECHO_T=''
EGREP='/bin/grep -E'
EXEEXT=''
GREP='/bin/grep'
INSTALL_DATA='${INSTALL} -m 644'
INSTALL_PROGRAM='${INSTALL}'
INSTALL_SCRIPT='${INSTALL}'
INSTALL_STRIP_PROGRAM='$(install_sh) -c -s'
LDFLAGS=''
LIBOBJS=''
LIBS=''
LTLIBOBJS=''
MAINT='#'
MAINTAINER_MODE_FALSE=''
MAINTAINER_MODE_TRUE='#'
MAKEINFO='${SHELL} /home/cew/maths/missing makeinfo'
MKDIR_P='/bin/mkdir -p'
OBJEXT='o'
PACKAGE='maths'
PACKAGE_BUGREPORT=''
PACKAGE_NAME='maths'
PACKAGE_STRING='maths 1.1'
PACKAGE_TARNAME='maths'
PACKAGE_URL=''
PACKAGE_VERSION='1.1'
PATH_SEPARATOR=':'
SET_MAKE=''
SHELL='/bin/bash'
STRIP=''
VERSION='1.1'
ac_ct_CC='gcc'
ac_ct_CXX='g++'
am__EXEEXT_FALSE=''
am__EXEEXT_TRUE='#'
am__fastdepCC_FALSE='#'
am__fastdepCC_TRUE=''
am__fastdepCXX_FALSE='#'
am__fastdepCXX_TRUE=''
am__include='include'
am__isrc=''
am__leading_dot='.'
am__nodep='_no'
am__quote=''
am__tar='$${TAR-tar} chof - "$$tardir"'
am__untar='$${TAR-tar} xf -'
bindir='${exec_prefix}/bin'
build_alias=''
datadir='${datarootdir}'
datarootdir='${prefix}/share'
docdir='${datarootdir}/doc/${PACKAGE_TARNAME}'
dvidir='${docdir}'
exec_prefix='${prefix}'
host_alias=''
htmldir='${docdir}'
includedir='${prefix}/include'
infodir='${datarootdir}/info'
install_sh='${SHELL} /home/cew/maths/install-sh'
libdir='${exec_prefix}/lib'
libexecdir='${exec_prefix}/libexec'
localedir='${datarootdir}/locale'
localstatedir='${prefix}/var'
mandir='${datarootdir}/man'
mkdir_p='$(MKDIR_P)'
oldincludedir='/usr/include'
pdfdir='${docdir}'
prefix='/usr/local'
program_transform_name='s,x,x,'
psdir='${docdir}'
sbindir='${exec_prefix}/sbin'
sharedstatedir='${prefix}/com'
sysconfdir='${prefix}/etc'
target_alias=''

## ----------- ##
## confdefs.h. ##
## ----------- ##

/* confdefs.h */
#define PACKAGE_NAME "maths"
#define PACKAGE_TARNAME "maths"
#define PACKAGE_VERSION "1.1"
#define PACKAGE_STRING "maths 1.1"
#define PACKAGE_BUGREPORT ""
#define PACKAGE_URL ""
#define PACKAGE "maths"
#define VERSION "1.1"
#define STDC_HEADERS 1
#define HAVE_SYS_TYPES_H 1
#define HAVE_SYS_STAT_H 1
#define HAVE_STDLIB_H 1
#define HAVE_STRING_H 1
#define HAVE_MEMORY_H 1
#define HAVE_STRINGS_H 1
#define HAVE_INTTYPES_H 1
#define HAVE_STDINT_H 1
#define HAVE_UNISTD_H 1
#define HAVE_STDLIB_H 1

configure: exit 0
